Invalid character (@) encountered while parsing (tag "TR" with attributes). 
Invalid character (@) encountered while parsing (tag "TR" with attributes). 
Invalid character (@) encountered while parsing (tag "TR" with attributes). 
Invalid character (@) encountered while parsing (tag "TR" with attributes). 
Invalid character (@) encountered while parsing (tag "TR" with attributes). 
Invalid character (}) encountered while parsing (tag "?PHP" with attributes). 
Invalid character (}) encountered while parsing (tag "?PHP" with attributes). 
Invalid character (}) encountered while parsing (tag "?PHP" with attributes). 
Invalid character (}) encountered while parsing (tag "?PHP" with attributes). 
Invalid character ($) encountered while parsing (tag "?PHP" with attributes). 
Invalid character ($) encountered while parsing (tag "?PHP" with attributes). 
Invalid character ($) encountered while parsing (tag "?PHP" with attributes). 
Invalid character ($) encountered while parsing (tag "?PHP" with attributes). 
Invalid character ($) encountered while parsing (tag "?PHP" with attributes). 
Invalid character ($) encountered while parsing (tag "?PHP" with attributes). 
Invalid character ($) encountered while parsing (tag "?PHP" with attributes). 
Invalid character ($) encountered while parsing (tag "?PHP" with attributes). 
Invalid character ($) encountered while parsing (tag "?PHP" with attributes). 
Invalid character ($) encountered while parsing (tag "?PHP" with attributes). 
Invalid character ($) encountered while parsing (tag "?PHP" with attributes). 
Invalid character (}) encountered while parsing (tag "?PHP" with attributes). 
Invalid character ($) encountered while parsing (tag "?PHP" with attributes). 
Invalid character ($) encountered while parsing (tag "?PHP" with attributes). 
Invalid character ($) encountered while parsing (tag "?PHP" with attributes). 
Invalid character ($) encountered while parsing (tag "?PHP" with attributes). 
Invalid character ($) encountered while parsing (tag "?PHP" with attributes). 
Invalid character ($) encountered while parsing (tag "?PHP" with attributes). 
Invalid character ($) encountered while parsing (tag "?PHP" with attributes). 
Invalid character ($) encountered while parsing (tag "?PHP" with attributes). 
Invalid character ($) encountered while parsing (tag "?PHP" with attributes). 
Invalid character ($) encountered while parsing (tag "?PHP" with attributes). 
Invalid character ($) encountered while parsing (tag "?PHP" with attributes). 
Invalid character ($) encountered while parsing (tag "?PHP" with attributes). 
Invalid character ($) encountered while parsing (tag "?PHP" with attributes). 
Invalid character ($) encountered while parsing (tag "?PHP" with attributes). 
Invalid character ($) encountered while parsing (tag "?PHP" with attributes). 
Invalid character ($) encountered while parsing (tag "?PHP" with attributes). 
Invalid character ($) encountered while parsing (tag "?PHP" with attributes). 
Invalid character ($) encountered while parsing (tag "?PHP" with attributes). 
Invalid character ($) encountered while parsing (tag "?PHP" with attributes). 
Invalid character ($) encountered while parsing (tag "?PHP" with attributes). 
Invalid character ($) encountered while parsing (tag "?PHP" with attributes). 
Invalid character ($) encountered while parsing (tag "?PHP" with attributes). 
Invalid character (}) encountered while parsing (tag "?PHP" with attributes). 
Invalid character ($) encountered while parsing (tag "?PHP" with attributes). 
Invalid character ($) encountered while parsing (tag "?PHP" with attributes). 
Invalid character ($) encountered while parsing (tag "?PHP" with attributes). 
Invalid character ($) encountered while parsing (tag "?PHP" with attributes). 
Invalid character ($) encountered while parsing (tag "?PHP" with attributes). 
Invalid character ($) encountered while parsing (tag "?PHP" with attributes). 
Invalid character ($) encountered while parsing (tag "?PHP" with attributes). 
Invalid character ($) encountered while parsing (tag "?PHP" with attributes). 
Invalid character ($) encountered while parsing (tag "?PHP" with attributes). 
Invalid character ($) encountered while parsing (tag "?PHP" with attributes). 
Invalid character ($) encountered while parsing (tag "?PHP" with attributes). 
Invalid character ($) encountered while parsing (tag "?PHP" with attributes). 
Invalid character ($) encountered while parsing (tag "?PHP" with attributes). 
Invalid character ($) encountered while parsing (tag "?PHP" with attributes). 
Invalid character ($) encountered while parsing (tag "?PHP" with attributes). 
Invalid character ($) encountered while parsing (tag "?PHP" with attributes). 
Invalid character ($) encountered while parsing (tag "?PHP" with attributes). 
Invalid character ($) encountered while parsing (tag "?PHP" with attributes). 
Invalid character ($) encountered while parsing (tag "?PHP" with attributes). 
Invalid character ($) encountered while parsing (tag "?PHP" with attributes). 
Invalid character ($) encountered while parsing (tag "?PHP" with attributes). 
Invalid character ($) encountered while parsing (tag "?PHP" with attributes). 
Invalid character ($) encountered while parsing (tag "?PHP" with attributes). 
Invalid character ($) encountered while parsing (tag "?PHP" with attributes). 
Invalid character ($) encountered while parsing (tag "?PHP" with attributes). 
Invalid character ($) encountered while parsing (tag "?PHP" with attributes). 
Invalid character ($) encountered while parsing (tag "?PHP" with attributes). 
Invalid character ($) encountered while parsing (tag "?PHP" with attributes). 
Invalid character (}) encountered while parsing (tag "?PHP" with attributes). 
Invalid character ($) encountered while parsing (tag "?PHP" with attributes). 
Invalid character ($) encountered while parsing (tag "?PHP" with attributes). 
Invalid character ($) encountered while parsing (tag "?PHP" with attributes). 
Invalid character ($) encountered while parsing (tag "?PHP" with attributes). 
Invalid character ($) encountered while parsing (tag "?PHP" with attributes). 
Invalid character ($) encountered while parsing (tag "?PHP" with attributes). 
Invalid character ($) encountered while parsing (tag "?PHP" with attributes). 
Invalid character ($) encountered while parsing (tag "?PHP" with attributes). 
Invalid character (}) encountered while parsing (tag "?PHP" with attributes). 
Invalid character (}) encountered while parsing (tag "?" with attributes). 
Invalid character ($) encountered while parsing (tag "?PHP" with attributes). 
Invalid character ($) encountered while parsing (tag "?PHP" with attributes). 
Invalid character ($) encountered while parsing (tag "?PHP" with attributes). 
Invalid character ($) encountered while parsing (tag "?PHP" with attributes). 
Invalid character ($) encountered while parsing (tag "?PHP" with attributes). 
Invalid character ($) encountered while parsing (tag "?PHP" with attributes). 
Invalid character ($) encountered while parsing (tag "?PHP" with attributes). 
Invalid character ($) encountered while parsing (tag "?PHP" with attributes). 
Invalid character ($) encountered while parsing (tag "?PHP" with attributes). 
Invalid character ($) encountered while parsing (tag "?PHP" with attributes). 
Invalid character ($) encountered while parsing (tag "?PHP" with attributes). 
Invalid character ($) encountered while parsing (tag "?PHP" with attributes). 
Invalid character ($) encountered while parsing (tag "?PHP" with attributes). 
Invalid quoted string ']}}' encountered while parsing (tag "INPUT" with attributes name=contact type=text value={{$subadmin[). 
Invalid character (}) encountered while parsing (tag "?PHP" with attributes). 
Invalid character ($) encountered while parsing (tag "?PHP" with attributes). 
Invalid character ($) encountered while parsing (tag "?PHP" with attributes). 
Invalid character ($) encountered while parsing (tag "?PHP" with attributes). 
Invalid character ($) encountered while parsing (tag "?PHP" with attributes). 
Invalid character ($) encountered while parsing (tag "?PHP" with attributes). 
Invalid character ($) encountered while parsing (tag "?PHP" with attributes). 
Invalid character ($) encountered while parsing (tag "?PHP" with attributes). 
Invalid character ($) encountered while parsing (tag "?PHP" with attributes). 
Invalid character ($) encountered while parsing (tag "?PHP" with attributes). 
Invalid character ($) encountered while parsing (tag "?PHP" with attributes). 
Invalid character (}) encountered while parsing (tag "?PHP" with attributes). 
Invalid character ($) encountered while parsing (tag "?PHP" with attributes). 
Invalid character ($) encountered while parsing (tag "?PHP" with attributes). 
Invalid character ($) encountered while parsing (tag "?PHP" with attributes). 
Invalid character ($) encountered while parsing (tag "?PHP" with attributes). 
Invalid character (}) encountered while parsing (tag "?PHP" with attributes). 
Invalid character (}) encountered while parsing (tag "?PHP" with attributes). 
Invalid character ($) encountered while parsing (tag "?PHP" with attributes). 
Invalid character (}) encountered while parsing (tag "?PHP" with attributes). 
Invalid character (;) encountered while parsing (tag "?PHP" with attributes). 
Invalid character (}) encountered while parsing (tag "?PHP" with attributes). 
Invalid character (}) encountered while parsing (tag "?PHP" with attributes). 
Invalid character (}) encountered while parsing (tag "?PHP" with attributes). 
Invalid character ($) encountered while parsing (tag "?PHP" with attributes). 
Invalid character ($) encountered while parsing (tag "?PHP" with attributes). 
Invalid character ($) encountered while parsing (tag "?PHP" with attributes if=). 
Invalid character ($) encountered while parsing (tag "?PHP" with attributes if=). 
Invalid character ($) encountered while parsing (tag "?PHP" with attributes if=). 
Invalid character ($) encountered while parsing (tag "?PHP" with attributes if=). 
Invalid character (}) encountered while parsing (tag "?PHP" with attributes). 
Invalid character (}) encountered while parsing (tag "?PHP" with attributes). 
Invalid character (}) encountered while parsing (tag "?PHP" with attributes). 
Invalid character ($) encountered while parsing (tag "?PHP" with attributes). 
Invalid character ($) encountered while parsing (tag "?PHP" with attributes). 
Invalid quoted string '/xls' encountered while parsing (tag "?PHP" with attributes). 
Invalid character ($) encountered while parsing (tag "?PHP" with attributes). 
Invalid character (}) encountered while parsing (tag "?PHP" with attributes). 
Invalid character ($) encountered while parsing (tag "?PHP" with attributes). 
Invalid character ($) encountered while parsing (tag "?PHP" with attributes). 
Invalid character ($) encountered while parsing (tag "?PHP" with attributes). 
Invalid character ($) encountered while parsing (tag "?PHP" with attributes). 
Invalid character ($) encountered while parsing (tag "?PHP" with attributes). 
Invalid character ($) encountered while parsing (tag "?PHP" with attributes). 
Invalid character ($) encountered while parsing (tag "?PHP" with attributes). 
